<!DOCTYPE html>
<html>
<head>
    <title>Unittest Results</title>
    <meta charset="utf-8">
    <meta name="viewport" content="width=device-width, initial-scale=1.0">
    <link rel="stylesheet" href="https://maxcdn.bootstrapcdn.com/bootstrap/3.3.6/css/bootstrap.min.css" integrity="sha384-1q8mTJOASx8j1Au+a5WDVnPi2lkFfwwEAa8hDDdjZlpLegxhjVME1fgjWPGmkzs7" crossorigin="anonymous">
</head>
<body>
    <div class="container">
        <div class="row">
            <div class="col-xs-12">
                <h2 class="text-capitalize">Unittest Results</h2>
                <p class='attribute'><strong>Start Time: </strong>2024-07-13 17:31:58</p>
                <p class='attribute'><strong>Duration: </strong>114.42 s</p>
                <p class='attribute'><strong>Summary: </strong>Total: 10, Pass: 8, Fail: 1, Error: 1</p>
            </div>
        </div>
        <div class="row">
            <div class="col-xs-12 col-sm-10 col-md-10">
                <table class='table table-hover table-responsive'>
                    <thead>
                        <tr>
                            <th>tests.test_profile.TestProfile</th>
                            <th>Status</th>
                            <th></th>
                        </tr>
                    </thead>
                    <tbody>
                        <tr class='success'>
                            <td class="col-xs-10">test0_navigate_to_profile_page</td>
                            <td class="col-xs-1">
                                <span class="label label-success" style="display:block;width:40px;">Pass</span>
                            </td>
                            <td class="col-xs-1">
                            </td>
                        </tr>
                        <tr class='success'>
                            <td class="col-xs-10">test_click_logo</td>
                            <td class="col-xs-1">
                                <span class="label label-success" style="display:block;width:40px;">Pass</span>
                            </td>
                            <td class="col-xs-1">
                            </td>
                        </tr>
                        <tr class='success'>
                            <td class="col-xs-10">test_click_logout_button</td>
                            <td class="col-xs-1">
                                <span class="label label-success" style="display:block;width:40px;">Pass</span>
                            </td>
                            <td class="col-xs-1">
                            </td>
                        </tr>
                        <tr class='warning'>
                            <td class="col-xs-10">test_click_notifications_tab</td>
                            <td class="col-xs-1">
                                <span class="label label-warning" style="display:block;width:40px;">Error</span>
                            </td>
                            <td class="col-xs-1">
                                <button class="btn btn-default btn-xs">View</button>
                            </td>
                        </tr>
                        <tr style="display:none;">
                            <td class="col-xs-9" colspan="3"><p style="color:maroon;">NoSuchElementException: Message: no such element: Unable to locate element: {"method":"xpath","selector":"//*[@id='root']/div/div[1]/div[3]/div/div/svg"}
  (Session info: chrome=125.0.6422.142); For documentation on this error, please visit: https://www.selenium.dev/documentation/webdriver/troubleshooting/errors#no-such-element-exception
Stacktrace:
	GetHandleVerifier [0x00007FF76C241F52+60322]
	(No symbol) [0x00007FF76C1BCEC9]
	(No symbol) [0x00007FF76C077EBA]
	(No symbol) [0x00007FF76C0C7676]
	(No symbol) [0x00007FF76C0C773C]
	(No symbol) [0x00007FF76C10E967]
	(No symbol) [0x00007FF76C0EC25F]
	(No symbol) [0x00007FF76C10BC80]
	(No symbol) [0x00007FF76C0EBFC3]
	(No symbol) [0x00007FF76C0B9617]
	(No symbol) [0x00007FF76C0BA211]
	GetHandleVerifier [0x00007FF76C5594AD+3301629]
	GetHandleVerifier [0x00007FF76C5A36D3+3605283]
	GetHandleVerifier [0x00007FF76C599450+3563680]
	GetHandleVerifier [0x00007FF76C2F4326+790390]
	(No symbol) [0x00007FF76C1C750F]
	(No symbol) [0x00007FF76C1C3404]
	(No symbol) [0x00007FF76C1C3592]
	(No symbol) [0x00007FF76C1B2F9F]
	BaseThreadInitThunk [0x00007FFD7B417034+20]
	RtlUserThreadStart [0x00007FFD7C5BCEC1+33]
</p><p style="color:maroon;">Traceback (most recent call last):
  File "G:\Computer_Eng\4_Fourth Year\GP2024\GP_Repo\BugWhiz\BugWhiz-main\BugWhiz\BugWhiz-Test\tests\test_profile.py", line 63, in test_click_notifications_tab
    self.profile_page.click_notifications_tab()
  File "G:\Computer_Eng\4_Fourth Year\GP2024\GP_Repo\BugWhiz\BugWhiz-main\BugWhiz\BugWhiz-Test\pages\profile_page.py", line 22, in click_notifications_tab
    self.driver.find_element(By.XPATH, self.notifications_tab).click()
  File "C:\Users\Lenovo\AppData\Local\Programs\Python\Python310\lib\site-packages\selenium\webdriver\remote\webdriver.py", line 741, in find_element
    return self.execute(Command.FIND_ELEMENT, {"using": by, "value": value})["value"]
  File "C:\Users\Lenovo\AppData\Local\Programs\Python\Python310\lib\site-packages\selenium\webdriver\remote\webdriver.py", line 347, in execute
    self.error_handler.check_response(response)
  File "C:\Users\Lenovo\AppData\Local\Programs\Python\Python310\lib\site-packages\selenium\webdriver\remote\errorhandler.py", line 229, in check_response
    raise exception_class(message, screen, stacktrace)
selenium.common.exceptions.NoSuchElementException: Message: no such element: Unable to locate element: {"method":"xpath","selector":"//*[@id='root']/div/div[1]/div[3]/div/div/svg"}
  (Session info: chrome=125.0.6422.142); For documentation on this error, please visit: https://www.selenium.dev/documentation/webdriver/troubleshooting/errors#no-such-element-exception
Stacktrace:
	GetHandleVerifier [0x00007FF76C241F52+60322]
	(No symbol) [0x00007FF76C1BCEC9]
	(No symbol) [0x00007FF76C077EBA]
	(No symbol) [0x00007FF76C0C7676]
	(No symbol) [0x00007FF76C0C773C]
	(No symbol) [0x00007FF76C10E967]
	(No symbol) [0x00007FF76C0EC25F]
	(No symbol) [0x00007FF76C10BC80]
	(No symbol) [0x00007FF76C0EBFC3]
	(No symbol) [0x00007FF76C0B9617]
	(No symbol) [0x00007FF76C0BA211]
	GetHandleVerifier [0x00007FF76C5594AD+3301629]
	GetHandleVerifier [0x00007FF76C5A36D3+3605283]
	GetHandleVerifier [0x00007FF76C599450+3563680]
	GetHandleVerifier [0x00007FF76C2F4326+790390]
	(No symbol) [0x00007FF76C1C750F]
	(No symbol) [0x00007FF76C1C3404]
	(No symbol) [0x00007FF76C1C3592]
	(No symbol) [0x00007FF76C1B2F9F]
	BaseThreadInitThunk [0x00007FFD7B417034+20]
	RtlUserThreadStart [0x00007FFD7C5BCEC1+33]

</p>
                            </td>
                        </tr>
                        <tr class='success'>
                            <td class="col-xs-10">test_click_projects_tab</td>
                            <td class="col-xs-1">
                                <span class="label label-success" style="display:block;width:40px;">Pass</span>
                            </td>
                            <td class="col-xs-1">
                            </td>
                        </tr>
                        <tr class='success'>
                            <td class="col-xs-10">test_get_email</td>
                            <td class="col-xs-1">
                                <span class="label label-success" style="display:block;width:40px;">Pass</span>
                            </td>
                            <td class="col-xs-1">
                            </td>
                        </tr>
                        <tr class='success'>
                            <td class="col-xs-10">test_get_job_title</td>
                            <td class="col-xs-1">
                                <span class="label label-success" style="display:block;width:40px;">Pass</span>
                            </td>
                            <td class="col-xs-1">
                            </td>
                        </tr>
                        <tr class='danger'>
                            <td class="col-xs-10">test_get_name</td>
                            <td class="col-xs-1">
                                <span class="label label-danger" style="display:block;width:40px;">Fail</span>
                            </td>
                            <td class="col-xs-1">
                                <button class="btn btn-default btn-xs">View</button>
                            </td>
                        </tr>
                        <tr style="display:none;">
                            <td class="col-xs-9" colspan="3"><p style="color:maroon;">AssertionError: 'http://localhost:3000/login' != 'http://localhost:3000/projects'
- http://localhost:3000/login
?                       ^ ^^^
+ http://localhost:3000/projects
?                       ^^ ^^^^^
</p><p style="color:maroon;">Traceback (most recent call last):
  File "G:\Computer_Eng\4_Fourth Year\GP2024\GP_Repo\BugWhiz\BugWhiz-main\BugWhiz\BugWhiz-Test\tests\test_profile.py", line 16, in setUp
    self.assertEqual(self.driver.current_url, BASE_URL + "/projects")
AssertionError: 'http://localhost:3000/login' != 'http://localhost:3000/projects'
- http://localhost:3000/login
?                       ^ ^^^
+ http://localhost:3000/projects
?                       ^^ ^^^^^

</p>
                            </td>
                        </tr>
                        <tr class='success'>
                            <td class="col-xs-10">test_get_phone_number</td>
                            <td class="col-xs-1">
                                <span class="label label-success" style="display:block;width:40px;">Pass</span>
                            </td>
                            <td class="col-xs-1">
                            </td>
                        </tr>
                        <tr class='success'>
                            <td class="col-xs-10">test_get_user_name</td>
                            <td class="col-xs-1">
                                <span class="label label-success" style="display:block;width:40px;">Pass</span>
                            </td>
                            <td class="col-xs-1">
                            </td>
                        </tr>
                        <tr>
                            <td colspan="3">
                                Total: 10, Pass: 8, Fail: 1, Error: 1 -- Duration: 114.42 s
                            </td>
                        </tr>
                    </tbody>
                </table>
            </div>
        </div>
    </div>
    <script src="https://ajax.googleapis.com/ajax/libs/jquery/2.2.4/jquery.min.js"></script>
    <script type="text/javascript">
        $(document).ready(function(){
            $('td').on('click', '.btn', function(e){
                e.preventDefault();
                e.stopImmediatePropagation();
                var $this = $(this);
                var $nextRow = $this.closest('tr').next('tr');
                $nextRow.slideToggle("fast");
                $this.text(function(i, text){
                    if (text === 'View') {
                        return 'Hide';
                    } else {
                        return 'View';
                    };
                });
            });
        });
    </script>
</body>
</html